<?xml version="1.0" encoding="UTF-8"?>
<!-- Generated by org.testng.reporters.JUnitXMLReporter -->
<testsuite ignored="1" hostname="MSI" failures="0" tests="1" name="Test" time="5.944" errors="0" timestamp="2026-02-22T16:24:18 IST">
  <testcase classname="testCases.TC001_AccountRegistrationTest" name="verifyAccountRegistration" time="2.424"/>
  <testcase classname="testCases.TC002_AccountLogInTest" name="accountLogInValidation" time="0.0">
    <ignored/>
  </testcase> <!-- accountLogInValidation -->
</testsuite> <!-- Test -->
