<?xml version="1.0" encoding="UTF-8"?>
<testng-results ignored="0" total="2" passed="2" failed="0" skipped="0">
  <reporter-output>
  </reporter-output>
  <suite started-at="2026-03-03T18:34:16 IST" name="Suite" finished-at="2026-03-03T18:34:26 IST" duration-ms="9376">
    <groups>
      <group name="Master">
        <method signature="TC001_AccountRegistrationTest.verifyAccountRegistration()[pri:0, instance:testCases.TC001_AccountRegistrationTest@7adda9cc]" name="verifyAccountRegistration" class="testCases.TC001_AccountRegistrationTest"/>
        <method signature="TC002_AccountLogInTest.accountLogInValidation()[pri:0, instance:testCases.TC002_AccountLogInTest@20d28811]" name="accountLogInValidation" class="testCases.TC002_AccountLogInTest"/>
      </group> <!-- Master -->
      <group name="Sanity">
        <method signature="TC002_AccountLogInTest.accountLogInValidation()[pri:0, instance:testCases.TC002_AccountLogInTest@20d28811]" name="accountLogInValidation" class="testCases.TC002_AccountLogInTest"/>
      </group> <!-- Sanity -->
      <group name="Regression">
        <method signature="TC001_AccountRegistrationTest.verifyAccountRegistration()[pri:0, instance:testCases.TC001_AccountRegistrationTest@7adda9cc]" name="verifyAccountRegistration" class="testCases.TC001_AccountRegistrationTest"/>
      </group> <!-- Regression -->
    </groups>
    <test started-at="2026-03-03T18:34:16 IST" name="ChromeTest" finished-at="2026-03-03T18:34:26 IST" duration-ms="9376">
      <class name="testCases.TC002_AccountLogInTest">
        <test-method is-config="true" signature="setUp(java.lang.String,java.lang.String)[pri:0, instance:testCases.TC002_AccountLogInTest@20d28811]" started-at="2026-03-03T18:34:17 IST" name="setUp" finished-at="2026-03-03T18:34:20 IST" duration-ms="2903" status="PASS">
          <params>
            <param index="0">
              <value>
                <![CDATA[Windows]]>
              </value>
            </param>
            <param index="1">
              <value>
                <![CDATA[chrome]]>
              </value>
            </param>
          </params>
          <reporter-output>
          </reporter-output>
        </test-method> <!-- setUp -->
        <test-method signature="accountLogInValidation()[pri:0, instance:testCases.TC002_AccountLogInTest@20d28811]" started-at="2026-03-03T18:34:20 IST" name="accountLogInValidation" finished-at="2026-03-03T18:34:21 IST" duration-ms="1746" status="PASS">
          <reporter-output>
          </reporter-output>
        </test-method> <!-- accountLogInValidation -->
        <test-method is-config="true" signature="tearDown()[pri:0, instance:testCases.TC002_AccountLogInTest@20d28811]" started-at="2026-03-03T18:34:21 IST" name="tearDown" finished-at="2026-03-03T18:34:22 IST" duration-ms="284" status="PASS">
          <reporter-output>
          </reporter-output>
        </test-method> <!-- tearDown -->
      </class> <!-- testCases.TC002_AccountLogInTest -->
      <class name="testCases.TC001_AccountRegistrationTest">
        <test-method is-config="true" signature="setUp(java.lang.String,java.lang.String)[pri:0, instance:testCases.TC001_AccountRegistrationTest@7adda9cc]" started-at="2026-03-03T18:34:22 IST" name="setUp" finished-at="2026-03-03T18:34:23 IST" duration-ms="1654" status="PASS">
          <params>
            <param index="0">
              <value>
                <![CDATA[Windows]]>
              </value>
            </param>
            <param index="1">
              <value>
                <![CDATA[chrome]]>
              </value>
            </param>
          </params>
          <reporter-output>
          </reporter-output>
        </test-method> <!-- setUp -->
        <test-method signature="verifyAccountRegistration()[pri:0, instance:testCases.TC001_AccountRegistrationTest@7adda9cc]" started-at="2026-03-03T18:34:23 IST" name="verifyAccountRegistration" finished-at="2026-03-03T18:34:26 IST" duration-ms="2215" status="PASS">
          <reporter-output>
          </reporter-output>
        </test-method> <!-- verifyAccountRegistration -->
        <test-method is-config="true" signature="tearDown()[pri:0, instance:testCases.TC001_AccountRegistrationTest@7adda9cc]" started-at="2026-03-03T18:34:26 IST" name="tearDown" finished-at="2026-03-03T18:34:26 IST" duration-ms="231" status="PASS">
          <reporter-output>
          </reporter-output>
        </test-method> <!-- tearDown -->
      </class> <!-- testCases.TC001_AccountRegistrationTest -->
    </test> <!-- ChromeTest -->
  </suite> <!-- Suite -->
</testng-results>
