<?xml version="1.0" encoding="UTF-8"?>
<testng-results ignored="0" total="2" passed="2" failed="0" skipped="0">
  <reporter-output>
  </reporter-output>
  <suite started-at="2026-03-02T00:32:46 IST" name="Suite" finished-at="2026-03-02T00:33:05 IST" duration-ms="19242">
    <groups>
      <group name="Master">
        <method signature="TC001_AccountRegistrationTest.verifyAccountRegistration()[pri:0, instance:testCases.TC001_AccountRegistrationTest@6ed3ccb2]" name="verifyAccountRegistration" class="testCases.TC001_AccountRegistrationTest"/>
        <method signature="TC002_AccountLogInTest.accountLogInValidation()[pri:0, instance:testCases.TC002_AccountLogInTest@3cd3e762]" name="accountLogInValidation" class="testCases.TC002_AccountLogInTest"/>
      </group> <!-- Master -->
      <group name="Sanity">
        <method signature="TC002_AccountLogInTest.accountLogInValidation()[pri:0, instance:testCases.TC002_AccountLogInTest@3cd3e762]" name="accountLogInValidation" class="testCases.TC002_AccountLogInTest"/>
      </group> <!-- Sanity -->
      <group name="Regression">
        <method signature="TC001_AccountRegistrationTest.verifyAccountRegistration()[pri:0, instance:testCases.TC001_AccountRegistrationTest@6ed3ccb2]" name="verifyAccountRegistration" class="testCases.TC001_AccountRegistrationTest"/>
      </group> <!-- Regression -->
    </groups>
    <test started-at="2026-03-02T00:32:46 IST" name="ChromeTest" finished-at="2026-03-02T00:33:05 IST" duration-ms="19242">
      <class name="testCases.TC002_AccountLogInTest">
        <test-method is-config="true" signature="setUp(java.lang.String,java.lang.String)[pri:0, instance:testCases.TC002_AccountLogInTest@3cd3e762]" started-at="2026-03-02T00:32:46 IST" name="setUp" finished-at="2026-03-02T00:32:54 IST" duration-ms="7569" status="PASS">
          <params>
            <param index="0">
              <value>
                <![CDATA[Windows]]>
              </value>
            </param>
            <param index="1">
              <value>
                <![CDATA[chrome]]>
              </value>
            </param>
          </params>
          <reporter-output>
          </reporter-output>
        </test-method> <!-- setUp -->
        <test-method signature="accountLogInValidation()[pri:0, instance:testCases.TC002_AccountLogInTest@3cd3e762]" started-at="2026-03-02T00:32:54 IST" name="accountLogInValidation" finished-at="2026-03-02T00:32:57 IST" duration-ms="2517" status="PASS">
          <reporter-output>
          </reporter-output>
        </test-method> <!-- accountLogInValidation -->
        <test-method is-config="true" signature="tearDown()[pri:0, instance:testCases.TC002_AccountLogInTest@3cd3e762]" started-at="2026-03-02T00:32:57 IST" name="tearDown" finished-at="2026-03-02T00:32:57 IST" duration-ms="441" status="PASS">
          <reporter-output>
          </reporter-output>
        </test-method> <!-- tearDown -->
      </class> <!-- testCases.TC002_AccountLogInTest -->
      <class name="testCases.TC001_AccountRegistrationTest">
        <test-method is-config="true" signature="setUp(java.lang.String,java.lang.String)[pri:0, instance:testCases.TC001_AccountRegistrationTest@6ed3ccb2]" started-at="2026-03-02T00:32:57 IST" name="setUp" finished-at="2026-03-02T00:33:01 IST" duration-ms="3763" status="PASS">
          <params>
            <param index="0">
              <value>
                <![CDATA[Windows]]>
              </value>
            </param>
            <param index="1">
              <value>
                <![CDATA[chrome]]>
              </value>
            </param>
          </params>
          <reporter-output>
          </reporter-output>
        </test-method> <!-- setUp -->
        <test-method signature="verifyAccountRegistration()[pri:0, instance:testCases.TC001_AccountRegistrationTest@6ed3ccb2]" started-at="2026-03-02T00:33:01 IST" name="verifyAccountRegistration" finished-at="2026-03-02T00:33:05 IST" duration-ms="3801" status="PASS">
          <reporter-output>
          </reporter-output>
        </test-method> <!-- verifyAccountRegistration -->
        <test-method is-config="true" signature="tearDown()[pri:0, instance:testCases.TC001_AccountRegistrationTest@6ed3ccb2]" started-at="2026-03-02T00:33:05 IST" name="tearDown" finished-at="2026-03-02T00:33:05 IST" duration-ms="527" status="PASS">
          <reporter-output>
          </reporter-output>
        </test-method> <!-- tearDown -->
      </class> <!-- testCases.TC001_AccountRegistrationTest -->
    </test> <!-- ChromeTest -->
  </suite> <!-- Suite -->
</testng-results>
