<?xml version="1.0" encoding="UTF-8"?>
<!-- Generated by org.testng.reporters.JUnitReportReporter -->
<testsuite hostname="MSI" failures="0" tests="5" name="testCases.TC_003LoginDDT" time="42.595" errors="0" timestamp="2026-02-21T20:53:38 IST" skipped="0">
  <testcase classname="testCases.TC_003LoginDDT" name="verify_LoginDDT" time="12.021"/>
  <testcase classname="testCases.TC_003LoginDDT" name="verify_LoginDDT" time="3.546"/>
  <testcase classname="testCases.TC_003LoginDDT" name="verify_LoginDDT" time="12.171"/>
  <testcase classname="testCases.TC_003LoginDDT" name="verify_LoginDDT" time="12.092"/>
  <testcase classname="testCases.TC_003LoginDDT" name="verify_LoginDDT" time="2.765"/>
</testsuite> <!-- testCases.TC_003LoginDDT -->
